<?xml version="1.0" encoding="UTF-8"?>
<!-- Generated by org.testng.reporters.JUnitXMLReporter -->
<testsuite hostname="LAPTOP-QRAN417G" ignored="0" name="Default test" tests="3" failures="0" timestamp="2019-09-25T08:11:00 COT" time="1.364" errors="0">
  <testcase name="testCreateFechaInicioConsistente" time="0.008" classname="co.edu.icesi.testIntegration.ServicioServicioIntegrationTest"/>
  <testcase name="testCreateRutaInvalido" time="0.001" classname="co.edu.icesi.testIntegration.ServicioServicioIntegrationTest"/>
  <testcase name="testCreateServicioValida" time="0.004" classname="co.edu.icesi.testIntegration.ServicioServicioIntegrationTest"/>
</testsuite> <!-- Default test -->
